<?xml version="1.0" encoding="UTF-8"?>
<testng-results ignored="0" total="1" passed="1" failed="0" skipped="0">
  <reporter-output>
  </reporter-output>
  <suite started-at="2025-08-24T16:53:34 IST" name="Default suite" finished-at="2025-08-24T16:55:21 IST" duration-ms="106946">
    <groups>
    </groups>
    <test started-at="2025-08-24T16:53:34 IST" name="Default test" finished-at="2025-08-24T16:55:21 IST" duration-ms="106946">
      <class name="com.DemoQA.Book_Store_Application">
        <test-method is-config="true" signature="setup()[pri:0, instance:com.DemoQA.Book_Store_Application@34123d65]" started-at="2025-08-24T16:53:34 IST" name="setup" finished-at="2025-08-24T16:53:56 IST" duration-ms="22449" status="PASS">
          <reporter-output>
          </reporter-output>
        </test-method> <!-- setup -->
        <test-method signature="loginTest()[pri:0, instance:com.DemoQA.Book_Store_Application@34123d65]" started-at="2025-08-24T16:53:56 IST" name="loginTest" finished-at="2025-08-24T16:55:20 IST" duration-ms="84095" status="PASS">
          <reporter-output>
          </reporter-output>
        </test-method> <!-- loginTest -->
        <test-method is-config="true" signature="teardown()[pri:0, instance:com.DemoQA.Book_Store_Application@34123d65]" started-at="2025-08-24T16:55:20 IST" name="teardown" finished-at="2025-08-24T16:55:21 IST" duration-ms="352" status="PASS">
          <reporter-output>
          </reporter-output>
        </test-method> <!-- teardown -->
      </class> <!-- com.DemoQA.Book_Store_Application -->
    </test> <!-- Default test -->
  </suite> <!-- Default suite -->
</testng-results>
